2025-04-12 13:26:11,004 - DEBUG - TransactionManager initialized
2025-04-12 13:26:11,014 - DEBUG - GUI setup completed
2025-04-12 13:26:11,014 - INFO - No transaction file found, starting with empty list
2025-04-12 13:26:11,014 - DEBUG - Transaction display updated
2025-04-12 13:26:11,015 - DEBUG - Updated balance to $0.00
2025-04-12 13:26:11,015 - DEBUG - Transactions loaded and displayed
2025-04-12 13:26:11,015 - DEBUG - TransactionGUI initialized
2025-04-12 13:26:35,200 - DEBUG - Validated transaction: description=Test_1, amount=20.0, category=Deposit
2025-04-12 13:26:35,200 - DEBUG - Saved 1 transactions to file
2025-04-12 13:26:35,200 - INFO - Added transaction: {'Description': 'Test_1', 'Amount': 20.0, 'Category': 'Deposit', 'Date': '2025-04-12 13:26:35'}
2025-04-12 13:26:35,200 - DEBUG - Transaction display updated
2025-04-12 13:26:35,200 - DEBUG - Updated balance to $20.00
2025-04-12 13:26:35,200 - DEBUG - Cleared input fields
2025-04-12 13:26:36,659 - INFO - Transaction added via GUI
2025-04-12 13:26:37,756 - DEBUG - Selected transaction at index 0: ('Test_1', '20.0', 'Deposit', '2025-04-12 13:26:35')
2025-04-12 13:26:38,908 - DEBUG - Validated transaction: description=Test_1, amount=20.0, category=Deposit
2025-04-12 13:26:38,920 - DEBUG - Saved 1 transactions to file
2025-04-12 13:26:38,920 - INFO - Edited transaction at index 0: {'Description': 'Test_1', 'Amount': 20.0, 'Category': 'Deposit', 'Date': '2025-04-12 13:26:38'}
2025-04-12 13:26:38,920 - DEBUG - Transaction display updated
2025-04-12 13:26:38,922 - DEBUG - Updated balance to $20.00
2025-04-12 13:26:38,922 - DEBUG - Cleared input fields
2025-04-12 13:26:40,523 - INFO - Transaction edited at index None
2025-04-12 13:26:41,473 - DEBUG - Selected transaction at index 0: ('Test_1', '20.0', 'Deposit', '2025-04-12 13:26:38')
2025-04-12 13:26:46,074 - DEBUG - Validated transaction: description=Test_1, amount=30.0, category=Deposit
2025-04-12 13:26:46,090 - DEBUG - Saved 1 transactions to file
2025-04-12 13:26:46,090 - INFO - Edited transaction at index 0: {'Description': 'Test_1', 'Amount': 30.0, 'Category': 'Deposit', 'Date': '2025-04-12 13:26:46'}
2025-04-12 13:26:46,090 - DEBUG - Transaction display updated
2025-04-12 13:26:46,092 - DEBUG - Updated balance to $30.00
2025-04-12 13:26:46,092 - DEBUG - Cleared input fields
2025-04-12 13:26:47,464 - INFO - Transaction edited at index None
2025-04-12 13:28:44,125 - DEBUG - TransactionManager initialized
2025-04-12 13:28:44,131 - DEBUG - GUI setup completed
2025-04-12 13:28:44,131 - INFO - No transaction file found, starting with empty list
2025-04-12 13:28:44,131 - DEBUG - Transaction display updated
2025-04-12 13:28:44,131 - DEBUG - Updated balance to $0.00
2025-04-12 13:28:44,131 - DEBUG - Transactions loaded and displayed
2025-04-12 13:28:44,131 - DEBUG - TransactionGUI initialized
2025-04-13 21:46:47,157 - DEBUG - TransactionManager initialized
2025-04-13 21:46:47,172 - DEBUG - GUI setup completed
2025-04-13 21:46:47,172 - INFO - No transaction file found, starting with empty list
2025-04-13 21:46:47,172 - DEBUG - Transaction display updated
2025-04-13 21:46:47,172 - DEBUG - Updated balance to $0.00
2025-04-13 21:46:47,172 - DEBUG - Transactions loaded and displayed
2025-04-13 21:46:47,172 - DEBUG - TransactionGUI initialized
2025-04-20 23:24:29,901 - DEBUG - matplotlib data path: C:\Users\PEEPLET\OneDrive - University of South Carolina Aiken\Documents\Software Engineering\Software_Engineering_Project\.venv\Lib\site-packages\matplotlib\mpl-data
2025-04-20 23:24:29,955 - DEBUG - CONFIGDIR=C:\Users\PEEPLET\.matplotlib
2025-04-20 23:24:29,955 - DEBUG - interactive is False
2025-04-20 23:24:29,955 - DEBUG - platform is win32
2025-04-20 23:24:30,049 - DEBUG - CACHEDIR=C:\Users\PEEPLET\.matplotlib
2025-04-20 23:24:30,071 - DEBUG - Using fontManager instance from C:\Users\PEEPLET\.matplotlib\fontlist-v390.json
2025-04-20 23:41:44,596 - DEBUG - matplotlib data path: C:\Users\PEEPLET\OneDrive - University of South Carolina Aiken\Documents\Software Engineering\Software_Engineering_Project\.venv\Lib\site-packages\matplotlib\mpl-data
2025-04-20 23:41:44,644 - DEBUG - CONFIGDIR=C:\Users\PEEPLET\.matplotlib
2025-04-20 23:41:44,644 - DEBUG - interactive is False
2025-04-20 23:41:44,649 - DEBUG - platform is win32
2025-04-20 23:41:45,061 - DEBUG - CACHEDIR=C:\Users\PEEPLET\.matplotlib
2025-04-20 23:41:45,089 - DEBUG - Using fontManager instance from C:\Users\PEEPLET\.matplotlib\fontlist-v390.json
2025-04-20 23:41:47,841 - DEBUG - TransactionManager initialized
2025-04-20 23:41:47,841 - DEBUG - AccountManager initialized
2025-04-20 23:41:47,841 - DEBUG - CalendarManager initialized
2025-04-20 23:41:47,841 - DEBUG - WalletManager initialized
2025-04-20 23:41:47,849 - DEBUG - Retrieved transactions with filters - category: None, type: None
2025-04-20 23:41:47,849 - DEBUG - StatsManager initialized
2025-04-20 23:41:47,849 - DEBUG - Styles configured for theme: Default
2025-04-20 23:41:47,881 - DEBUG - Retrieved transactions with filters - category: None, type: None
2025-04-20 23:41:47,881 - DEBUG - Summary - Income: 0, Expenses: 0, Net: 0
2025-04-20 23:41:47,881 - DEBUG - Retrieved cards
2025-04-20 23:41:47,883 - DEBUG - Updated dashboard
2025-04-20 23:41:47,883 - DEBUG - TransactionGUI initialized
2025-04-20 23:41:50,039 - ERROR - Error updating transaction lists: 'TransactionGUI' object has no attribute 'tree_all_frame'
2025-04-20 23:42:15,589 - DEBUG - Retrieved account details
2025-04-20 23:42:15,589 - DEBUG - Retrieved cards
2025-04-20 23:42:15,589 - DEBUG - Loaded account details
2025-04-20 23:42:17,161 - ERROR - Error generating pie chart: No transaction data
2025-04-20 23:42:19,975 - ERROR - Error updating calendar: bad window path name ".!frame2.!frame5.!notebook.!frame.!treeview"
2025-04-20 23:42:21,517 - DEBUG - Retrieved upcoming payments: 0
2025-04-20 23:42:21,517 - DEBUG - Retrieved upcoming appointments: 0
2025-04-20 23:42:21,517 - DEBUG - Updated notifications
2025-04-20 23:42:22,323 - DEBUG - Retrieved cards
2025-04-20 23:42:22,323 - DEBUG - Updated wallet display
2025-04-20 23:42:23,645 - DEBUG - Retrieved transactions with filters - category: None, type: None
2025-04-20 23:42:58,195 - DEBUG - Styles configured for theme: Dark
2025-04-20 23:42:58,195 - DEBUG - Applied theme: Dark
2025-04-20 23:42:58,195 - INFO - Changed theme to Dark
2025-04-20 23:43:11,112 - DEBUG - Retrieved transactions with filters - category: None, type: None
2025-04-20 23:57:30,187 - DEBUG - Retrieved cards
2025-04-20 23:57:30,187 - DEBUG - Updated wallet display
2025-04-20 23:57:38,706 - DEBUG - Retrieved upcoming payments: 0
2025-04-20 23:57:38,708 - DEBUG - Retrieved upcoming appointments: 0
2025-04-20 23:57:38,708 - DEBUG - Updated notifications
2025-04-20 23:57:42,098 - ERROR - Error updating calendar: bad window path name ".!frame2.!frame16.!notebook.!frame.!treeview"
2025-04-20 23:57:53,615 - ERROR - Error generating pie chart: No transaction data
2025-04-20 23:57:55,586 - DEBUG - Retrieved account details
2025-04-20 23:57:55,586 - DEBUG - Retrieved cards
2025-04-20 23:57:55,586 - DEBUG - Loaded account details
2025-04-20 23:58:02,632 - ERROR - Error updating transaction lists: 'TransactionGUI' object has no attribute 'tree_all_frame'
2025-04-20 23:58:14,873 - DEBUG - Retrieved transactions with filters - category: None, type: None
2025-04-20 23:58:14,883 - DEBUG - Summary - Income: 0, Expenses: 0, Net: 0
2025-04-20 23:58:14,883 - DEBUG - Retrieved cards
2025-04-20 23:58:14,883 - DEBUG - Updated dashboard
